<?xml version="1.0" encoding="UTF-8"?>
<!-- Generated by org.testng.reporters.JUnitXMLReporter -->
<testsuite hostname="Girish" failures="0" tests="6" name="Free CRM App Test Cases" time="42.497" errors="0" timestamp="12 Jul 2020 21:14:04 GMT">
  <testcase classname="com.crm.qa.TestCases.LoginPageTest" name="LoginPageTitle" time="0.026"/>
  <testcase classname="com.crm.qa.TestCases.LoginPageTest" name="LoginTest" time="0.431"/>
  <testcase classname="com.crm.qa.TestCases.HomePageTest" name="TestHomePageTitle" time="0.013"/>
  <testcase classname="com.crm.qa.TestCases.HomePageTest" name="TestHomePageUserName" time="1.546"/>
  <testcase classname="com.crm.qa.TestCases.HomePageTest" name="TestClickonContactsLink" time="1.797"/>
  <testcase classname="com.crm.qa.TestCases.HomePageTest" name="TestClickonDealsLink" time="1.763"/>
</testsuite> <!-- Free CRM App Test Cases -->
