<?xml version="1.0" encoding="UTF-8"?>
<testng-results total="6" passed="6" failed="0" skipped="0">
  <reporter-output>
  </reporter-output>
  <suite started-at="2020-07-12T21:13:21Z" name="FREE CRM Application Test Automation Test Suite" finished-at="2020-07-12T21:14:04Z" duration-ms="42497">
    <groups>
    </groups>
    <test started-at="2020-07-12T21:13:21Z" name="Free CRM App Test Cases" finished-at="2020-07-12T21:14:04Z" duration-ms="42497">
      <class name="com.crm.qa.TestCases.HomePageTest">
        <test-method is-config="true" signature="SetUp()[pri:0, instance:com.crm.qa.TestCases.HomePageTest@37e547da]" started-at="2020-07-13T02:43:34Z" name="SetUp" finished-at="2020-07-13T02:43:40Z" duration-ms="6058" status="PASS">
          <reporter-output>
          </reporter-output>
        </test-method> <!-- SetUp -->
        <test-method signature="TestHomePageTitle()[pri:0, instance:com.crm.qa.TestCases.HomePageTest@37e547da]" started-at="2020-07-13T02:43:40Z" name="TestHomePageTitle" finished-at="2020-07-13T02:43:40Z" duration-ms="13" status="PASS">
          <reporter-output>
          </reporter-output>
        </test-method> <!-- TestHomePageTitle -->
        <test-method is-config="true" signature="TearDown()[pri:0, instance:com.crm.qa.TestCases.HomePageTest@37e547da]" started-at="2020-07-13T02:43:40Z" name="TearDown" finished-at="2020-07-13T02:43:40Z" duration-ms="703" status="PASS">
          <reporter-output>
          </reporter-output>
        </test-method> <!-- TearDown -->
        <test-method is-config="true" signature="SetUp()[pri:0, instance:com.crm.qa.TestCases.HomePageTest@37e547da]" started-at="2020-07-13T02:43:40Z" name="SetUp" finished-at="2020-07-13T02:43:45Z" duration-ms="4740" status="PASS">
          <reporter-output>
          </reporter-output>
        </test-method> <!-- SetUp -->
        <test-method signature="TestHomePageUserName()[pri:0, instance:com.crm.qa.TestCases.HomePageTest@37e547da]" started-at="2020-07-13T02:43:45Z" name="TestHomePageUserName" finished-at="2020-07-13T02:43:47Z" duration-ms="1546" status="PASS">
          <reporter-output>
          </reporter-output>
        </test-method> <!-- TestHomePageUserName -->
        <test-method is-config="true" signature="TearDown()[pri:0, instance:com.crm.qa.TestCases.HomePageTest@37e547da]" started-at="2020-07-13T02:43:47Z" name="TearDown" finished-at="2020-07-13T02:43:47Z" duration-ms="702" status="PASS">
          <reporter-output>
          </reporter-output>
        </test-method> <!-- TearDown -->
        <test-method is-config="true" signature="SetUp()[pri:0, instance:com.crm.qa.TestCases.HomePageTest@37e547da]" started-at="2020-07-13T02:43:47Z" name="SetUp" finished-at="2020-07-13T02:43:52Z" duration-ms="4835" status="PASS">
          <reporter-output>
          </reporter-output>
        </test-method> <!-- SetUp -->
        <test-method signature="TestClickonContactsLink()[pri:0, instance:com.crm.qa.TestCases.HomePageTest@37e547da]" started-at="2020-07-13T02:43:52Z" name="TestClickonContactsLink" finished-at="2020-07-13T02:43:54Z" duration-ms="1797" status="PASS">
          <reporter-output>
          </reporter-output>
        </test-method> <!-- TestClickonContactsLink -->
        <test-method is-config="true" signature="TearDown()[pri:0, instance:com.crm.qa.TestCases.HomePageTest@37e547da]" started-at="2020-07-13T02:43:54Z" name="TearDown" finished-at="2020-07-13T02:43:55Z" duration-ms="732" status="PASS">
          <reporter-output>
          </reporter-output>
        </test-method> <!-- TearDown -->
        <test-method is-config="true" signature="SetUp()[pri:0, instance:com.crm.qa.TestCases.HomePageTest@37e547da]" started-at="2020-07-13T02:43:55Z" name="SetUp" finished-at="2020-07-13T02:44:01Z" duration-ms="6268" status="PASS">
          <reporter-output>
          </reporter-output>
        </test-method> <!-- SetUp -->
        <test-method signature="TestClickonDealsLink()[pri:0, instance:com.crm.qa.TestCases.HomePageTest@37e547da]" started-at="2020-07-13T02:44:01Z" name="TestClickonDealsLink" finished-at="2020-07-13T02:44:03Z" duration-ms="1763" status="PASS">
          <reporter-output>
          </reporter-output>
        </test-method> <!-- TestClickonDealsLink -->
        <test-method is-config="true" signature="TearDown()[pri:0, instance:com.crm.qa.TestCases.HomePageTest@37e547da]" started-at="2020-07-13T02:44:03Z" name="TearDown" finished-at="2020-07-13T02:44:04Z" duration-ms="709" status="PASS">
          <reporter-output>
          </reporter-output>
        </test-method> <!-- TearDown -->
      </class> <!-- com.crm.qa.TestCases.HomePageTest -->
      <class name="com.crm.qa.TestCases.LoginPageTest">
        <test-method is-config="true" signature="setup()[pri:0, instance:com.crm.qa.TestCases.LoginPageTest@258e2e41]" started-at="2020-07-13T02:43:21Z" name="setup" finished-at="2020-07-13T02:43:27Z" duration-ms="6359" status="PASS">
          <reporter-output>
          </reporter-output>
        </test-method> <!-- setup -->
        <test-method signature="LoginPageTitle()[pri:0, instance:com.crm.qa.TestCases.LoginPageTest@258e2e41]" started-at="2020-07-13T02:43:27Z" name="LoginPageTitle" finished-at="2020-07-13T02:43:27Z" duration-ms="26" status="PASS">
          <reporter-output>
          </reporter-output>
        </test-method> <!-- LoginPageTitle -->
        <test-method is-config="true" signature="teardown()[pri:0, instance:com.crm.qa.TestCases.LoginPageTest@258e2e41]" started-at="2020-07-13T02:43:27Z" name="teardown" finished-at="2020-07-13T02:43:28Z" duration-ms="703" status="PASS">
          <reporter-output>
          </reporter-output>
        </test-method> <!-- teardown -->
        <test-method is-config="true" signature="setup()[pri:0, instance:com.crm.qa.TestCases.LoginPageTest@258e2e41]" started-at="2020-07-13T02:43:28Z" name="setup" finished-at="2020-07-13T02:43:33Z" duration-ms="4403" status="PASS">
          <reporter-output>
          </reporter-output>
        </test-method> <!-- setup -->
        <test-method signature="LoginTest()[pri:0, instance:com.crm.qa.TestCases.LoginPageTest@258e2e41]" started-at="2020-07-13T02:43:33Z" name="LoginTest" finished-at="2020-07-13T02:43:33Z" duration-ms="431" status="PASS">
          <reporter-output>
          </reporter-output>
        </test-method> <!-- LoginTest -->
        <test-method is-config="true" signature="teardown()[pri:0, instance:com.crm.qa.TestCases.LoginPageTest@258e2e41]" started-at="2020-07-13T02:43:33Z" name="teardown" finished-at="2020-07-13T02:43:34Z" duration-ms="688" status="PASS">
          <reporter-output>
          </reporter-output>
        </test-method> <!-- teardown -->
      </class> <!-- com.crm.qa.TestCases.LoginPageTest -->
    </test> <!-- Free CRM App Test Cases -->
  </suite> <!-- FREE CRM Application Test Automation Test Suite -->
</testng-results>
